<?xml version="1.0" encoding="UTF-8"?>
<testng-results skipped="0" failed="0" ignored="0" total="1" passed="1">
  <reporter-output>
  </reporter-output>
  <suite name="RegressionSuite" duration-ms="41265" started-at="2021-05-16T08:02:01 IST" finished-at="2021-05-16T08:02:43 IST">
    <groups>
    </groups>
    <test name="ChromeTest" duration-ms="41265" started-at="2021-05-16T08:02:01 IST" finished-at="2021-05-16T08:02:43 IST">
      <class name="com.testyantra.eshopping.testscripts.criticaltests.kart.TC001">
        <test-method status="PASS" signature="openApp(java.lang.String,java.lang.String,java.lang.String,java.lang.String)[pri:0, instance:com.testyantra.eshopping.testscripts.criticaltests.kart.TC001@3e57cd70]" name="openApp" is-config="true" duration-ms="13886" started-at="2021-05-16T08:02:01 IST" finished-at="2021-05-16T08:02:15 IST">
          <params>
            <param index="0">
              <value>
                <![CDATA[chrome]]>
              </value>
            </param>
            <param index="1">
              <value>
                <![CDATA[http://automationpractice.com/]]>
              </value>
            </param>
            <param index="2">
              <value>
                <![CDATA[20]]>
              </value>
            </param>
            <param index="3">
              <value>
                <![CDATA[20]]>
              </value>
            </param>
          </params>
          <reporter-output>
          </reporter-output>
        </test-method> <!-- openApp -->
        <test-method status="PASS" signature="loginToApp(java.lang.String,java.lang.String)[pri:0, instance:com.testyantra.eshopping.testscripts.criticaltests.kart.TC001@3e57cd70]" name="loginToApp" is-config="true" duration-ms="7911" started-at="2021-05-16T08:02:15 IST" finished-at="2021-05-16T08:02:23 IST">
          <params>
            <param index="0">
              <value>
                <![CDATA[nameishemanth@gmail.com]]>
              </value>
            </param>
            <param index="1">
              <value>
                <![CDATA[Testing@123]]>
              </value>
            </param>
          </params>
          <reporter-output>
          </reporter-output>
        </test-method> <!-- loginToApp -->
        <test-method status="PASS" signature="testProductisDisplayedInKart()[pri:0, instance:com.testyantra.eshopping.testscripts.criticaltests.kart.TC001@3e57cd70]" name="testProductisDisplayedInKart" duration-ms="15396" started-at="2021-05-16T08:02:23 IST" finished-at="2021-05-16T08:02:39 IST">
          <reporter-output>
          </reporter-output>
        </test-method> <!-- testProductisDisplayedInKart -->
        <test-method status="PASS" signature="logoutFromApp(org.testng.ITestResult)[pri:0, instance:com.testyantra.eshopping.testscripts.criticaltests.kart.TC001@3e57cd70]" name="logoutFromApp" is-config="true" duration-ms="1876" started-at="2021-05-16T08:02:39 IST" finished-at="2021-05-16T08:02:40 IST">
          <params>
            <param index="0">
              <value>
                <![CDATA[[TestResult name=testProductisDisplayedInKart status=SUCCESS method=TC001.testProductisDisplayedInKart()[pri:0, instance:com.testyantra.eshopping.testscripts.criticaltests.kart.TC001@3e57cd70] output={null}]]]>
              </value>
            </param>
          </params>
          <reporter-output>
          </reporter-output>
        </test-method> <!-- logoutFromApp -->
        <test-method status="PASS" signature="closeApp()[pri:0, instance:com.testyantra.eshopping.testscripts.criticaltests.kart.TC001@3e57cd70]" name="closeApp" is-config="true" duration-ms="2091" started-at="2021-05-16T08:02:40 IST" finished-at="2021-05-16T08:02:43 IST">
          <reporter-output>
          </reporter-output>
        </test-method> <!-- closeApp -->
      </class> <!-- com.testyantra.eshopping.testscripts.criticaltests.kart.TC001 -->
    </test> <!-- ChromeTest -->
  </suite> <!-- RegressionSuite -->
</testng-results>
